<?xml version="1.0" encoding="UTF-8"?>
<testng-results ignored="0" total="1" passed="1" failed="0" skipped="0">
  <reporter-output>
  </reporter-output>
  <suite started-at="2025-10-09T23:39:04 IST" name="Default suite" finished-at="2025-10-09T23:39:11 IST" duration-ms="6885">
    <groups>
    </groups>
    <test started-at="2025-10-09T23:39:04 IST" name="Default test" finished-at="2025-10-09T23:39:11 IST" duration-ms="6885">
      <class name="testScript.AdminUserTest">
        <test-method is-config="true" signature="initializeBrowser()[pri:0, instance:testScript.AdminUserTest@4c402120]" started-at="2025-10-09T23:39:04 IST" name="initializeBrowser" finished-at="2025-10-09T23:39:09 IST" duration-ms="4300" status="PASS">
          <reporter-output>
          </reporter-output>
        </test-method> <!-- initializeBrowser -->
        <test-method signature="userisAbleToReset()[pri:0, instance:testScript.AdminUserTest@4c402120]" started-at="2025-10-09T23:39:09 IST" name="userisAbleToReset" finished-at="2025-10-09T23:39:11 IST" duration-ms="2487" status="PASS">
          <reporter-output>
          </reporter-output>
        </test-method> <!-- userisAbleToReset -->
        <test-method is-config="true" signature="closeBrowser(org.testng.ITestResult)[pri:0, instance:testScript.AdminUserTest@4c402120]" started-at="2025-10-09T23:39:11 IST" name="closeBrowser" finished-at="2025-10-09T23:39:11 IST" duration-ms="3" status="PASS">
          <params>
            <param index="0">
              <value>
                <![CDATA[[TestResult name=userisAbleToReset status=SUCCESS method=AdminUserTest.userisAbleToReset()[pri:0, instance:testScript.AdminUserTest@4c402120] output={null}]]]>
              </value>
            </param>
          </params>
          <reporter-output>
          </reporter-output>
        </test-method> <!-- closeBrowser -->
      </class> <!-- testScript.AdminUserTest -->
    </test> <!-- Default test -->
  </suite> <!-- Default suite -->
</testng-results>
