<?xml version="1.0" encoding="UTF-8"?>
<!-- Generated by org.testng.reporters.JUnitXMLReporter -->
<testsuite ignored="2" hostname="LAPTOP-L19BSF30" failures="0" tests="1" name="Default test" time="6.885" errors="0" timestamp="2025-10-09T23:39:11 IST">
  <testcase classname="testScript.AdminUserTest" name="userisAbleToReset" time="2.487"/>
  <testcase classname="testScript.AdminUserTest" name="isUserIsAbleToRegisterNewUser" time="0.0">
    <ignored/>
  </testcase> <!-- isUserIsAbleToRegisterNewUser -->
  <testcase classname="testScript.AdminUserTest" name="isUserIsAbleToSearchtheUser" time="0.0">
    <ignored/>
  </testcase> <!-- isUserIsAbleToSearchtheUser -->
</testsuite> <!-- Default test -->
